
Attaching package: ‘dplyr’

The following objects are masked from ‘package:stats’:

    filter, lag

The following objects are masked from ‘package:base’:

    intersect, setdiff, setequal, union

/home/docker/data/Ec_sensitivity/params_Ec-sensitivity.RDS[1] "[sensitivity.prcc] Computing PRCC using 2 variables and 8 model realizations."
[1] "[sensitivity.prcc] Creating data structure..."
[1] "[sensitivity.prcc] Flattening variable #1 ..."
[1] "[sensitivity.prcc] Flattening variable #2 ..."
[1] "[sensitivity.prcc] Done creating data structure!"
[1] "[sensitivity.prcc] Filtering constant variables."
[1] "[sensitivity.prcc] Done filtering Variables!"
[1] "[sensitivity.prcc] Computing PRCC using 1 variables and 8 model realizations."
[1] "[sensitivity.prcc] Extracting target variable..."
[1] "[sensitivity.prcc.target] Reading trace /home/docker/data/Ec_analysis/Ec-analysis-1.trace"
[1] "[sensitivity.prcc.target] computing targets ..."
[1] "[sensitivity.prcc.target] Done!"
[1] "[sensitivity.prcc.target] Reading trace /home/docker/data/Ec_analysis/Ec-analysis-2.trace"
[1] "[sensitivity.prcc.target] computing targets ..."
[1] "[sensitivity.prcc.target] Done!"
[1] "[sensitivity.prcc.target] Reading trace /home/docker/data/Ec_analysis/Ec-analysis-3.trace"
[1] "[sensitivity.prcc.target] computing targets ..."
[1] "[sensitivity.prcc.target] Done!"
[1] "[sensitivity.prcc.target] Reading trace /home/docker/data/Ec_analysis/Ec-analysis-4.trace"
[1] "[sensitivity.prcc.target] computing targets ..."
[1] "[sensitivity.prcc.target] Done!"
[1] "[sensitivity.prcc.target] Reading trace /home/docker/data/Ec_analysis/Ec-analysis-5.trace"
[1] "[sensitivity.prcc.target] computing targets ..."
[1] "[sensitivity.prcc.target] Done!"
[1] "[sensitivity.prcc.target] Reading trace /home/docker/data/Ec_analysis/Ec-analysis-6.trace"
[1] "[sensitivity.prcc.target] computing targets ..."
[1] "[sensitivity.prcc.target] Done!"
[1] "[sensitivity.prcc.target] Reading trace /home/docker/data/Ec_analysis/Ec-analysis-7.trace"
[1] "[sensitivity.prcc.target] computing targets ..."
[1] "[sensitivity.prcc.target] Done!"
[1] "[sensitivity.prcc.target] Reading trace /home/docker/data/Ec_analysis/Ec-analysis-8.trace"
[1] "[sensitivity.prcc.target] computing targets ..."
[1] "[sensitivity.prcc.target] Done!"
[1] "[sensitivity.prcc] Done extracting target variable!"
[1] "[sensitivity.prcc] Computing PRCC..."
[1] "[sensitivity.prcc] Done computing PRCC!"
`geom_line()`: Each group consists of only one observation.
ℹ Do you need to adjust the group aesthetic?
Warning messages:
1: In geom_rect(mapping = aes(xmin = -Inf, xmax = Inf, ymin = -0.2,  :
  All aesthetics have length 1, but the data has 194 rows.
ℹ Please consider using `annotate()` or provide this layer with data containing
  a single row.
2: Removed 96 rows containing missing values or values outside the scale range
(`geom_line()`). 
