Time biomass_e_ecs n_ecs biomass_e_cbd1 n_cbd1 ac_e but_e for_e glc__D_e lcts_e ppa_e
0 0.489 1000000 0.6 1000000 1 1 1 1 1 1
0.25 0.4721352430542698 1059516.918635492 0.5748301265828716 1100193.489020898 1.000000074108514 1.000000005901286 1.000000048162416 0.9999999901052804 0.9999999887254322 1
0.5 0.456069672459134 1118523.865927613 0.5508859296455703 1202893.239942731 1.000000148217028 1.000000011802571 1.000000096324832 0.9999999802105609 0.9999999774508644 1
0.75 0.4407726075850783 1176756.973179602 0.5281143925519344 1307439.48553153 1.000000222325543 1.000000017703857 1.000000144487248 0.9999999703158412 0.9999999661762967 1
1 0.4262138449079326 1233974.431022837 0.5064637653366701 1413176.269583209 1.000000296434057 1.000000023605143 1.000000192649664 0.9999999604211216 0.9999999549017289 1
1.25 0.4123637946387757 1289959.037238391 0.4858838059637022 1519464.913248081 1.000000370542572 1.000000029506428 1.000000240812081 0.9999999505264019 0.999999943627161 1
1.5 0.399193558191775 1344519.089154087 0.4663258879969726 1625696.136703662 1.000000444651086 1.000000035407714 1.000000288974497 0.9999999406316823 0.9999999323525932 1
1.75 0.3866749834441736 1397488.700477297 0.44774306953776 1731298.931624695 1.000000518759601 1.000000041308999 1.000000337136913 0.9999999307369626 0.9999999210780254 1
2 0.3747807188005761 1448727.805930878 0.430090154411933 1835747.50220541 1.000000592868115 1.000000047210285 1.00000038529933 0.999999920842243 0.9999999098034575 1
2.25 0.3634842362250096 1498121.380675976 0.4133237006607287 1938565.63061156 1.000000666976629 1.00000005311157 1.000000433461746 0.9999999109475233 0.9999998985288898 1
2.5 0.3527598468707003 1545578.260885014 0.3974020187092155 2039329.129783847 1.000000741085144 1.000000059012856 1.000000481624162 0.9999999010528037 0.999999887254322 1
2.75 0.3425827127081341 1591029.674112378 0.3822851547340679 2137666.986443396 1.000000815193658 1.000000064914141 1.000000529786579 0.9999998911580841 0.9999998759797541 1
3 0.3329288487035022 1634427.446778491 0.3679348581326894 2233260.743187542 1.000000889302173 1.000000070815427 1.000000577948995 0.9999998812633644 0.9999998647051864 1
3.25 0.3237751093876472 1675742.14884353 0.3543145417785716 2325842.234429437 1.000000963410687 1.000000076716713 1.000000626111411 0.9999998713686448 0.9999998534306186 1
3.5 0.3150991841622877 1714961.197640364 0.3413892372697879 2415191.009938783 1.000001037519201 1.000000082617998 1.000000674273827 0.9999998614739252 0.9999998421560508 1
3.75 0.3068795813422746 1752086.714015723 0.3291255392857771 2501130.590526788 1.000001111627716 1.000000088519283 1.000000722436244 0.9999998515792055 0.9999998308814829 1
4 0.2990956190544151 1787134.651601922 0.317491580297364 2583526.622914409 1.00000118573623 1.000000094420569 1.00000077059866 0.9999998416844859 0.9999998196069151 1
4.25 0.2917273905537393 1820131.500374705 0.3064569307936229 2662279.85839295 1.000001259844744 1.000000100321854 1.000000818761076 0.9999998317897661 0.9999998083323474 1
4.5 0.2847557612186629 1851114.206998392 0.295992592891981 2737325.696022354 1.000001333953259 1.00000010622314 1.000000866923493 0.9999998218950465 0.9999997970577795 1
4.75 0.2781623291174832 1880127.124578597 0.2860708951933161 2808626.724380039 1.000001408061773 1.000000112124425 1.000000915085909 0.9999998120003269 0.9999997857832117 1
5 0.2719294187715796 1907221.893717795 0.2766654778094774 2876172.094346485 1.000001482170287 1.000000118025711 1.000000963248326 0.9999998021056072 0.9999997745086439 1
5.25 0.2660400541701171 1932455.604338245 0.2677512221105892 2939972.835448178 1.000001556278802 1.000000123926996 1.000001011410742 0.9999997922108876 0.999999763234076 1
5.5 0.2604779254001474 1955889.42640545 0.2593041780889837 3000057.732883165 1.000001630387316 1.000000129828282 1.000001059573158 0.9999997823161679 0.9999997519595083 1
5.75 0.255227389525176 1977588.659303438 0.2513015643262112 3056473.521536514 1.000001704495831 1.000000135729567 1.000001107735575 0.9999997724214483 0.9999997406849405 1
6 0.2502734204424787 1997620.524788435 0.2437216488281229 3109278.605001024 1.000001778604345 1.000000141630853 1.000001155897991 0.9999997625267287 0.9999997294103726 1
6.25 0.2456016122001969 2016054.354637286 0.2365437580624596 3158543.573027003 1.00000185271286 1.000000147532138 1.000001204060407 0.9999997526320091 0.9999997181358048 1
6.5 0.2411981436615778 2032960.79542989 0.2297481980686527 3204348.622655905 1.000001926821374 1.000000153433424 1.000001252222824 0.9999997427372894 0.9999997068612371 1
6.75 0.2370497449995069 2048409.971788275 0.2233161736289318 3246778.5027399 1.000002000929888 1.000000159334709 1.00000130038524 0.9999997328425698 0.9999996955866692 1
7 0.2331437160339728 2062473.194855388 0.217229832039898 3285927.175489033 1.000002075038403 1.000000165235994 1.000001348547656 0.9999997229478502 0.9999996843121014 1
7.25 0.2294678832718567 2075221.067948228 0.2114721635013298 3321892.414056109 1.000002149146917 1.00000017113728 1.000001396710073 0.9999997130531306 0.9999996730375337 1
7.5 0.2260105827529123 2086723.536688049 0.2060269678511903 3354775.918668317 1.000002223255432 1.000000177038565 1.000001444872489 0.9999997031584109 0.9999996617629658 1
7.75 0.2227606423369523 2097049.415941658 0.2008788134889306 3384681.897992374 1.000002297363946 1.000000182939851 1.000001493034905 0.9999996932636913 0.999999650488398 1
8 0.2197073660292967 2106266.255962887 0.1960130047097273 3411716.666063522 1.00000237147246 1.000000188841136 1.000001541197322 0.9999996833689717 0.9999996392138303 1
8.25 0.216840515921254 2114440.059047216 0.1914155427309649 3435987.791860978 1.000002445580975 1.000000194742422 1.000001589359738 0.9999996734742521 0.9999996279392624 1
8.5 0.2141502989028305 2121635.111190098 0.1870730942743216 3457603.55919265 1.000002519689489 1.000000200643707 1.000001637522155 0.9999996635795324 0.9999996166646946 1
8.75 0.2116273524972218 2127913.866434195 0.1829729603650095 3476672.595332894 1.000002593798003 1.000000206544993 1.000001685684571 0.9999996536848127 0.9999996053901268 1
9 0.2092627273466812 2133336.798684896 0.1791030440131638 3493303.344256954 1.000002667906518 1.000000212446278 1.000001733846987 0.9999996437900931 0.9999995941155591 1
9.25 0.2070478734105392 2137962.356598805 0.1754518226409569 3507603.853784093 1.000002742015032 1.000000218347564 1.000001782009403 0.9999996338953734 0.9999995828409912 1
9.5 0.2049746231191286 2141846.602730821 0.172008306879373 3519680.746264267 1.000002816123547 1.000000224248849 1.000001830171819 0.9999996240006538 0.9999995715664234 1
9.75 0.2030351842701445 2145043.608640686 0.168762037835672 3529640.016400858 1.000002890232061 1.000000230150135 1.000001878334236 0.9999996141059341 0.9999995602918557 1
10 0.2012221238503837 2147605.244414934 0.1657030517653408 3537586.393410325 1.000002964340575 1.00000023605142 1.000001926496652 0.9999996042112145 0.9999995490172878 1
10.25 0.1995283514392873 2149580.93236921 0.1628218432696312 3543622.605189719 1.00000303844909 1.000000241952706 1.000001974659068 0.9999995943164948 0.99999953774272 1
10.5 0.1979471144777191 2151018.026763746 0.1601093689501571 3547849.952324356 1.000003112557604 1.000000247853991 1.000002022821485 0.9999995844217752 0.9999995264681523 1
10.75 0.196471980608369 2151961.564847669 0.1575570071697568 3550367.656212371 1.000003186666119 1.000000253755277 1.000002070983901 0.9999995745270555 0.9999995151935844 1
11 0.1950968251076403 2152454.258727402 0.155156535978004 3551272.646569816 1.000003260774633 1.000000259656562 1.000002119146317 0.9999995646323357 0.9999995039190166 1
11.25 0.1938158241694202 2152536.772420177 0.1529001347802148 3550659.829199049 1.000003334883147 1.000000265557848 1.000002167308734 0.9999995547376161 0.9999994926444489 1
11.5 0.1926234382081183 2152247.508425545 0.1507803441169564 3548621.546667568 1.000003408991662 1.000000271459133 1.00000221547115 0.9999995448428964 0.999999481369881 1
11.75 0.1915144026147614 2151622.720087914 0.1487900551402545 3545247.567669594 1.000003483100176 1.000000277360419 1.000002263633566 0.9999995349481768 0.9999994700953132 1
12 0.1904837211065885 2150696.69538403 0.1469225072874957 3540625.191476554 1.00000355720869 1.000000283261704 1.000002311795982 0.9999995250534571 0.9999994588207455 1
12.25 0.1895266488958665 2149501.622805116 0.1451712518641082 3534838.838977898 1.000003631317205 1.00000028916299 1.000002359958399 0.9999995151587375 0.9999994475461776 1
12.5 0.1886386855061448 2148067.748888022 0.1435301492965755 3527970.15053441 1.000003705425719 1.000000295064275 1.000002408120815 0.9999995052640178 0.9999994362716099 1
12.75 0.1878155655383587 2146423.473787543 0.1419933592234182 3520097.976009306 1.000003779534233 1.000000300965561 1.000002456283231 0.9999994953692981 0.9999994249970421 1
13 0.1870532451448891 2144595.320945035 0.1405553134792489 3511298.103320418 1.000003853642748 1.000000306866846 1.000002504445648 0.9999994854745785 0.9999994137224743 1
13.25 0.1863478985471298 2142608.11895763 0.1392107221405379 3501643.557145209 1.000003927751262 1.000000312768132 1.000002552608064 0.9999994755798588 0.9999994024479065 1
13.5 0.1856959045274554 2140485.010315838 0.1379545499253451 3491204.349390438 1.000004001859777 1.000000318669417 1.00000260077048 0.9999994656851392 0.9999993911733387 1
13.75 0.185093833506466 2138247.469416508 0.1367819942515747 3480047.261217528 1.000004075968291 1.000000324570703 1.000002648932896 0.9999994557904196 0.999999379898771 1
14 0.1845384391239207 2135915.391403873 0.1356884760282542 3468235.867444736 1.000004150076806 1.000000330471988 1.000002697095313 0.9999994458956999 0.9999993686242031 1
14.25 0.1840266628921418 2133507.290108358 0.1346696621350807 3455831.186863497 1.00000422418532 1.000000336373273 1.000002745257729 0.9999994360009803 0.9999993573496353 1
14.5 0.1835556208339309 2131040.329468611 0.1337214433484886 3442891.456963525 1.000004298293834 1.000000342274559 1.000002793420145 0.9999994261062606 0.9999993460750676 1
14.75 0.183122583404564 2128530.292878437 0.1328398956588102 3429471.582249858 1.000004372402349 1.000000348175844 1.000002841582562 0.999999416211541 0.9999993348004997 1
15 0.1827249721334993 2125991.707072377 0.1320212829362898 3415623.395173296 1.000004446510863 1.00000035407713 1.000002889744978 0.9999994063168213 0.999999323525932 1
15.25 0.1823603622484382 2123437.913400131 0.1312620674414212 3401396.180117339 1.000004520619378 1.000000359978415 1.000002937907394 0.9999993964221017 0.9999993122513642 1
15.5 0.1820264754821121 2120881.138115904 0.1305589018378661 3386836.743284251 1.000004594727892 1.000000365879701 1.000002986069811 0.999999386527382 0.9999993009767963 1
15.75 0.1817211580701664 2118332.561181802 0.1299085933028801 3371988.797591085 1.000004668836406 1.000000371780986 1.000003034232227 0.9999993766326624 0.9999992897022286 1
16 0.1814423789801403 2115802.387101253 0.1293081057565673 3356893.283360873 1.000004742944921 1.000000377682272 1.000003082394643 0.9999993667379427 0.9999992784276608 1
16.25 0.1811882316990067 2113299.868688718 0.1287545642090066 3341588.74669913 1.000004817053435 1.000000383583557 1.00000313055706 0.9999993568432231 0.9999992671530931 1
16.5 0.1809569330260352 2110833.344829328 0.1282452548472234 3326111.611570489 1.000004891161949 1.000000389484843 1.000003178719476 0.9999993469485033 0.9999992558785252 1
16.75 0.1807467981944959 2108410.388820562 0.1277775914481402 3310495.611637253 1.000004965270464 1.000000395386128 1.000003226881892 0.9999993370537837 0.9999992446039574 1
17 0.1805562411202497 2106037.839331315 0.1273491175364314 3294772.114008945 1.000005039378978 1.000000401287414 1.000003275044308 0.999999327159064 0.9999992333293897 1
17.25 0.1803837752890056 2103721.797981059 0.1269575082035394 3278970.336029618 1.000005113487493 1.000000407188699 1.000003323206725 0.9999993172643444 0.9999992220548218 1
17.5 0.1802280175701685 2101467.601735774 0.1266005756175909 3263117.616855123 1.000005187596007 1.000000413089985 1.000003371369141 0.9999993073696247 0.9999992107802541 1
17.75 0.1800876621543301 2099280.049811704 0.1262762367486808 3247239.118710463 1.000005261704521 1.00000041899127 1.000003419531557 0.9999992974749051 0.9999991995056863 1
18 0.1799614819323926 2097163.396811974 0.1259825157995921 3231358.051989784 1.000005335813036 1.000000424892556 1.000003467693974 0.9999992875801854 0.9999991882311184 1
18.25 0.179848328328755 2095121.353072008 0.1257175434386983 3215495.815224852 1.00000540992155 1.000000430793841 1.00000351585639 0.9999992776854658 0.9999991769565507 1
18.5 0.1797471379826837 2093157.019054349 0.1254795631066128 3199672.194741648 1.000005484030065 1.000000436695127 1.000003564018806 0.9999992677907461 0.9999991656819829 1
18.75 0.1796569084325738 2091273.116958924 0.125266905034074 3183905.282033675 1.000005558138579 1.000000442596412 1.000003612181223 0.9999992578960265 0.9999991544074152 1
19 0.1795766993018809 2089471.977810828 0.1250779868241603 3168211.623372897 1.000005632247093 1.000000448497698 1.000003660343639 0.9999992480013068 0.9999991431328473 1
19.25 0.179505632616625 2087755.533386091 0.1249113131658914 3152606.306717645 1.000005706355608 1.000000454398983 1.000003708506055 0.9999992381065872 0.9999991318582796 1
19.5 0.1794429027916322 2086125.208014213 0.1247654856959774 3137103.02022216 1.000005780464122 1.000000460300269 1.000003756668471 0.9999992282118676 0.9999991205837118 1
19.75 0.1793877485915955 2084582.202595513 0.1246391729659552 3121714.198095232 1.000005854572636 1.000000466201554 1.000003804830888 0.9999992183171479 0.999999109309144 1
20 0.1793394558529215 2083127.461333044 0.1245311126824035 3106451.095797064 1.000005928681151 1.000000472102839 1.000003852993304 0.9999992084224283 0.9999990980345762 1
20.25 0.1792973542205902 2081761.700197302 0.1244401076679306 3091323.878984474 1.000006002789665 1.000000478004125 1.00000390115572 0.9999991985277086 0.9999990867600084 1
20.5 0.1792608198062423 2080485.370679101 0.1243650282200062 3076341.645842275 1.00000607689818 1.000000483905411 1.000003949318137 0.999999188632989 0.9999990754854406 1
20.75 0.1792292973751112 2079298.412061266 0.1243048354713353 3061512.258072857 1.000006151006694 1.000000489806696 1.000003997480553 0.9999991787382694 0.9999990642108729 1
21 0.1792022575440902 2078200.707465812 0.1242585348604675 3046842.808640586 1.000006225115208 1.000000495707982 1.000004045642969 0.9999991688435497 0.9999990529363051 1
21.25 0.1791792042992321 2077191.99498342 0.1242251837164966 3032339.596491118 1.000006299223723 1.000000501609267 1.000004093805386 0.9999991589488301 0.9999990416617373 1
21.5 0.1791596739601747 2076271.871425607 0.1242038896456865 3018008.185072926 1.000006373332237 1.000000507510552 1.000004141967802 0.9999991490541104 0.9999990303871695 1
21.75 0.1791432363154397 2075439.775130783 0.1241938110984378 3003853.400224077 1.000006447440751 1.000000513411838 1.000004190130218 0.9999991391593908 0.9999990191126018 1
22 0.1791295115940014 2074694.806285887 0.1241941744245065 2989879.034506177 1.000006521549266 1.000000519313123 1.000004238292635 0.9999991292646712 0.999999007838034 1
22.25 0.1791181393353365 2074036.040782658 0.1242042408463538 2976088.443183753 1.00000659565778 1.000000525214409 1.000004286455051 0.9999991193699515 0.9999989965634661 1
22.5 0.179108782848671 2073462.478919088 0.124223310486908 2962484.480495871 1.000006669766295 1.000000531115695 1.000004334617467 0.9999991094752319 0.9999989852888984 1
22.75 0.1791011286414381 2072973.045718138 0.1242507211594185 2949069.529182202 1.000006743874809 1.00000053701698 1.000004382779883 0.9999990995805121 0.9999989740143306 1
23 0.1790948869329824 2072566.579954877 0.124285848610768 2935845.490771357 1.000006817983323 1.000000542918265 1.0000044309423 0.9999990896857925 0.9999989627397629 1
23.25 0.1790898059458695 2072241.681130272 0.1243281225376281 2922813.436081445 1.000006892091838 1.000000548819551 1.000004479104716 0.9999990797910728 0.9999989514651951 1
23.5 0.1790856474502576 2071996.955943483 0.1243769982444407 2909974.211310263 1.000006966200352 1.000000554720836 1.000004527267132 0.9999990698963532 0.9999989401906273 1
23.75 0.179082189623131 2071830.983135544 0.1244319595719321 2897328.370477454 1.000007040308866 1.000000560622122 1.000004575429549 0.9999990600016336 0.9999989289160595 1
24 0.1790792269709454 2071742.308610591 0.1244925184637705 2884876.180289736 1.000007114417381 1.000000566523408 1.000004623591965 0.9999990501069139 0.9999989176414917 1