Time biomass_e_ecsk1sm n_ecsk1sm
0 0.489 1000
0.25 0.5987014978846505 1119.162500517846
0.5 0.675986366340198 1278.238927518826
0.75 0.7304328659527632 1480.849489837029
1 0.7687886632578974 1732.812991904545
1.25 0.7958088550825529 2041.945407417006
1.5 0.814844464753932 2418.155145687249
1.75 0.8282538079634633 2873.611198569718
2 0.8376997853748973 3423.247950034754
2.25 0.8443543296571696 4085.0095086563
2.5 0.8490423596910311 4880.581580492517
2.75 0.8523450291405659 5836.019492594469
3 0.8546717198369427 6982.565394185098
3.25 0.8563108559380479 8357.712634152789
3.5 0.8574656149837653 10006.45258166344
3.75 0.8582791168888503 11982.64419021736
4 0.8570246832579257 14349.64759264614
4.25 0.8456038972885465 17160.64530850085
4.5 0.8261065050182118 20451.59774669392
4.75 0.8012323437133126 24254.59214715701
5 0.7729445952589812 28597.11770675329
5.25 0.7426804564395099 33500.89171107065
5.5 0.7114896310361343 38981.44095930131
5.75 0.6801377115376801 45047.54162084229
6 0.649175956812916 51701.51812262842
6.25 0.6189954560877563 58939.26117141893
6.5 0.5898665234061977 66750.77295928735
6.75 0.5619678751519452 75120.88551793965
7 0.535412824244804 84029.84148039042
7.25 0.5102616123997081 93454.41252365487
7.5 0.486535137287632 103368.4533363001
7.75 0.4642265996717137 113743.697993812
8 0.443308866721245 124550.6671502523
8.25 0.4237393921750447 135759.3284768129
8.5 0.4054656609510292 147339.51942026
8.75 0.3884282732017449 159261.5950817
9 0.3725635341014292 171496.7869321834
9.25 0.3578055630507095 184017.555757204
9.5 0.3440875961227314 196797.7895143352
9.75 0.3313436752656745 209812.9360625847
10 0.3195093313410712 223040.1528578586
10.25 0.3085221001236063 236458.319056808
10.5 0.2983219764107052 250048.0768421977
10.75 0.2888517514655884 263791.7929835152
11 0.2800572940210326 277673.3927383259
11.25 0.2718875422567912 291678.3722575993
11.5 0.2642945592152834 305793.6785477904
11.75 0.2572335350382507 320007.5878666768
12 0.2506627364430354 334309.5575945328
12.25 0.2445433743578555 348690.1573418018
12.5 0.2388394945275945 363140.9595291926
12.75 0.2335178637978028 377654.4195522142
13 0.2285478421661441 392223.7244029433
13.25 0.2239011961112518 406842.7550196343
13.5 0.2195519535134766 421505.9464764373
13.75 0.2154763660455611 436208.2673325785
14 0.2116525436388969 450945.0939190551
14.25 0.2080605152161058 465712.21218084
14.5 0.2046819342169006 480505.6381731398
14.75 0.2015001012577604 495321.6881388622
15 0.1984993431512671 510156.8398217123
15.25 0.1956666856085154 525007.9078504683
15.5 0.1929884058563843 539871.5881082889
15.75 0.1904531832787343 554744.8913236932
16 0.1880503233715952 569624.8550811827
16.25 0.1857700313494292 584508.5650577829
16.5 0.1836034665018229 599393.182997393
16.75 0.1815425275808495 614275.9096550004
17 0.1795798055993524 629153.9895625879
17.25 0.1777084531006537 644024.7049335522
17.5 0.1759223081380681 658885.3498215307
17.75 0.1742155871316248 673733.2323765706
18 0.172583190424387 688565.6957962983
18.25 0.1710202491865489 703380.0872710064
18.5 0.1695224236725668 718173.768368394
18.75 0.1680856941804952 732944.1297403305
19 0.166706301915186 747688.5807544204
19.25 0.1653808912017301 762404.5642127973
19.5 0.1641062625181232 777089.5396937047
19.75 0.162879527892333 791740.9982277704
20 0.1616980238196014 806356.4502841568
20.25 0.1605592351131817 820933.4259908713
20.5 0.1594609029997358 835469.5075808682
20.75 0.158400874621331 849962.3063349507
21 0.1573771727980429 864409.4776420465
21.25 0.1563879777009028 878808.7177198164
21.5 0.1554315548208204 893157.7500617594
21.75 0.1545063336672538 907454.3582926396
22 0.1536108216750076 921696.3643564644
22.25 0.1527436255202011 935881.6364712667
22.5 0.1519034606332543 950008.1085660768
22.75 0.1510890958400666 964073.7451037029
23 0.1502994040869558 978076.5708916413
23.25 0.1495333180976634 992014.6682731976
23.5 0.1487898224874115 1005886.162181555
23.75 0.1480679856713045 1019689.244822112
24 0.1473669126635665 1033422.151328284