Time biomass_e_ecsk1sm n_ecsk1sm
0 0.489 1000
0.25 0.5960643258159138 1118.836286244022
0.5 0.6709837840890517 1276.811654453541
0.75 0.7234109609721838 1477.30422541391
1 0.7600977356969477 1725.703762796856
1.25 0.7857701743872566 2029.451098625696
1.5 0.8037351497914826 2397.794500406054
1.75 0.8163071063507581 2842.35265261775
2 0.8251047284810602 3377.029818546065
2.25 0.8312604780235063 4018.66088754743
2.5 0.8355685673117784 4787.55854763923
2.75 0.8385829006177933 5707.943214274928
3 0.8406921754317545 6808.866479681954
3.25 0.8421680963913395 8125.0984638144
3.5 0.8432009655462285 9698.149943323882
3.75 0.8439237699736319 11577.59721041743
4 0.8428459225394648 13821.83583694918
4.25 0.8315312986697302 16479.32830784989
4.5 0.8118979814711776 19579.99414815779
4.75 0.7867895408629915 23149.52403722641
5 0.7582612993053891 27208.81593417095
5.25 0.7278036954211193 31773.44476623696
5.5 0.6965010371403935 36852.89228803545
5.75 0.6651344215605229 42450.75435577641
6 0.634260548055801 48564.88814557238
6.25 0.6042702174308933 55187.56100477321
6.5 0.5754284188284221 62306.44806458001
6.75 0.5479061885643529 69905.17429328934
7 0.5218036859197311 77963.81089560148
7.25 0.4971700015459229 86460.09847790997
7.5 0.4740152618801938 95370.02226728194
7.75 0.4523216108540224 104668.3362384758
8 0.4320507296496727 114329.3941524774
8.25 0.4131502194681734 124327.6654495318
8.5 0.3955582540180644 134638.0868401946
8.75 0.379207073742343 145236.4601323467
9 0.3640256333610536 156099.7530036474
9.25 0.3499415516503738 167206.2266255012
9.5 0.3368828934874035 178535.585672142
9.75 0.3247791120620511 190069.0860076071
10 0.3135620018271086 201789.4351136704
10.25 0.3031660889620874 213680.9060007338
10.5 0.293529138692053 225729.1952740236
10.75 0.2845923908345052 237921.335960262
11 0.2763006355620031 250245.6756188248
11.25 0.2686023150895592 262691.6770827984
11.5 0.2614494065031371 275249.8958655901
11.75 0.2547973521978311 287911.8731054942
12 0.2486049790236058 300669.9659188039
12.25 0.2428343550782557 313517.2276923533
12.5 0.237450671137882 326447.4288083634
12.75 0.2324218498912549 339454.8754818909
13 0.2277185580822641 352534.3862528185
13.25 0.2233139677313709 365681.1804470768
13.5 0.2191835447946212 378890.7962125281
13.75 0.2153049991855318 392159.0758481553
14 0.2116578874187161 405482.0762653547
14.25 0.2082237051320298 418856.0884149627
14.5 0.2049854794069414 432277.5333891648
14.75 0.2019278618448541 445742.9875002162
15 0.1990364476642867 459249.081298336
15.25 0.1962995947253992 472792.6323047272
15.5 0.1937046421648992 486370.3784588829
15.75 0.191241478540005 499979.2066262273
16 0.1889002981769604 513616.0139080621
16.25 0.1866724182238459 527277.746930084
16.5 0.1845497465307975 540961.3463588734
16.75 0.1825250130342717 554663.757975469
17 0.1805916508074256 568381.9655504992
17.25 0.1787434458176504 582112.967362392
17.5 0.1769749347790951 595853.7937147898
17.75 0.1752809628909892 609601.481665635
18 0.1736568500547891 623353.0831044149
18.25 0.1720983573681991 637105.6786995898
18.5 0.1706014626408603 650856.3619339749
18.75 0.1691626031817286 664602.2546743045
19 0.1677784059931 678340.5041824263
19.25 0.1664457771173149 692068.2889457791
19.5 0.1651619000578459 705782.8295577968
19.75 0.1639240908483085 719481.3666282119
20 0.1627299433059591 733161.1840004078
20.25 0.1615771870349747 746819.6012792723
20.5 0.1604637035664747 760453.9748910039
20.75 0.1593875601855071 774061.7242115795
21 0.15834690904089 787640.2938640255
21.25 0.1573400704784074 801187.1793808214
21.5 0.1563654606191797 814699.9347045898
21.75 0.1554215779225804 828176.1535482708
22 0.1545070560600681 841613.4898925185
22.25 0.1536205813981672 855009.6405648227
22.5 0.1527609317385392 868362.3689399541
22.75 0.1519269669191069 881669.4962843052
23 0.1511175945936546 894928.8801447887
23.25 0.1503318105810466 908138.4481665252
23.5 0.1495686537114145 921296.1838616765
23.75 0.1488272105096121 934400.1236322415
24 0.1481066347976931 947448.3730196556