Time biomass_e_ecsk1sm n_ecsk1sm
0 0.489 1000
0.25 0.6231394547977563 1122.208308499067
0.5 0.7235117220000379 1291.886670410417
0.75 0.7986190592582978 1515.685555968195
1 0.8548234137990037 1803.572183070052
1.25 0.896879231045427 2168.907297570072
1.5 0.9283477197260351 2628.863716844093
1.75 0.9518953280077836 3205.218273388939
2 0.9695157043512869 3925.173517235269
2.25 0.9827008114555958 4822.662026513182
2.5 0.9925670593320408 5939.874695493641
2.75 0.9999498422053004 7329.248186419317
3 1.005474284271497 9055.821571145429
3.25 1.009608154144562 11200.24285699571
3.5 1.012701485744144 13862.48093676056
3.75 1.015016187976707 17166.40026281197
4 1.016748251523061 21265.25846337629
4.25 1.015772895152555 26345.31413986977
4.5 1.008253887872399 32604.61199311176
4.75 0.9957168105499457 40257.28885048877
5 0.9794738578149014 49542.92012786904
5.25 0.9605279260143065 60726.86419648857
5.5 0.9396518835356453 74098.83114460247
5.75 0.9174405992064738 89971.87575963717
6 0.8943549064864411 108679.5155575116
6.25 0.8707519756120583 130572.4333301976
6.5 0.8469084732729634 156014.1456422563
6.75 0.823038851888922 185375.7829261345
7 0.7993087225176764 219030.0054797115
7.25 0.7758456228526313 257344.1239454705
7.5 0.7527472378796431 300672.002861076
7.75 0.7300873803958063 349346.6161889286
8 0.7079211913951872 403671.3247531554
8.25 0.6862889570059969 463911.4409663291
8.5 0.6652191301872754 530286.3253014791
8.75 0.644730830783983 602961.7264813227
9 0.624835724530844 682043.217727133
9.25 0.6055395056859122 767570.5192546033
9.5 0.5868431082310851 859513.6362639527
9.75 0.568743712846701 957770.4368143401
10 0.5512355507106826 1062165.876330402
10.25 0.534310533034266 1172453.048540956
10.5 0.5179587532395402 1288316.295668787
10.75 0.5021689043206587 1409375.890763615
11 0.4869286232098792 1535194.217493422
11.25 0.4722247661130668 1665283.255231629
11.5 0.4580436347903016 1799113.073574036
11.75 0.4443711596753909 1936121.077393855
12 0.4311930451486663 2075721.704575973
12.25 0.4184948883676188 2217316.093677014
12.5 0.4062622796017104 2360301.45220419
12.75 0.3944808821465566 2504079.899422013
13 0.3831364935809134 2648066.350241548
13.25 0.3722151053200551 2791696.177274093
13.5 0.3617029328781048 2934430.777637219
13.75 0.3515864632438129 3075763.793178059
14 0.3418524643862116 3215224.638021025
14.25 0.3324880094295776 3352380.485704087
14.5 0.3234804741379337 3486836.407405415
14.75 0.3148175800866879 3618241.501566046
15 0.306487378509511 3746284.958953239
15.25 0.2984782580755047 3870696.350317305
15.5 0.29077894736082 3991244.885899433
15.75 0.2833785126056749 4107737.354327533
16 0.2762663560643601 4220016.285400971
16.25 0.2694322122282913 4327957.574886138
16.5 0.2628661439038923 4431467.788697531
16.75 0.256558531750551 4530482.479388587
17 0.2505000718762606 4624962.291048129
17.25 0.2446817748222499 4714892.715639154
17.5 0.239094945985477 4800278.421718147
17.75 0.2337311898778237 4881144.460138499
18 0.2285823903207068 4957530.306982631
18.25 0.2236407158750888 5029491.748382476
18.5 0.2188985981424184 5097095.103723421
18.75 0.2143487370210568 5160419.106927897
19 0.2099840804055519 5219550.20477843
19.25 0.2057978296827241 5274583.667806981
19.5 0.2017834212994291 5325621.423563378
19.75 0.1979345151610996 5372768.46533479
20 0.1942449931465613 5416133.472956238
20.25 0.1907089641937338 5455831.916220207
20.5 0.1873207390060588 5491979.363067395
20.75 0.1840748298687489 5524693.940582797
21 0.1809659423641554 5554094.674222265
21.25 0.1779889686493807 5580300.859769773
21.5 0.1751389824291583 5603432.488551736
21.75 0.1724112300787539 5623608.662308987
22 0.1698011271532268 5640948.152409128
22.25 0.1673042510317507 5655568.662675372
22.5 0.1649163350208438 5667586.515784478
22.75 0.1626332646205598 5677116.983399776
23 0.1604510683898846 5684273.050390346
23.25 0.1583659134793295 5689165.472617777
23.5 0.1563741067369187 5691903.929222693
23.75 0.1544720836731984 5692595.629476554
24 0.1526564029858825 5691345.082408898