Time biomass_e_ecsk1sm n_ecsk1sm
0 0.489 1000
0.25 0.616742997088269 1121.436807189283
0.5 0.7108574556501441 1288.307477414031
0.75 0.7801993811102198 1506.411612972629
1 0.8312898858854568 1784.367720135175
1.25 0.8689329958301478 2133.866885294583
1.5 0.896668110057301 2569.776936327042
1.75 0.9171031858965355 3110.756721657454
2 0.9321602257541816 3779.957440933874
2.25 0.94325411598356 4605.941937153621
2.5 0.9514275111911735 5623.898646673008
2.75 0.9574495806232571 6877.153502056898
3 0.9618864977333311 8418.873758550393
3.25 0.9651554931111449 10314.33811729574
3.5 0.9675641133247277 12643.73103192168
3.75 0.9693387884644241 15505.35211232895
4 0.9702498641281292 19019.56679603045
4.25 0.9643085392067325 23318.1713593868
4.5 0.9513329924095103 28526.28792114699
4.75 0.933262567763518 34776.15568384818
5 0.9115578015383354 42207.65796284565
5.25 0.8873297491384746 50966.01587871153
5.5 0.8614259454463864 61199.22990118351
5.75 0.8344933917743435 73055.54288277523
6 0.8070274084385083 86680.21062953654
6.25 0.7794061549795501 102212.8590691388
6.5 0.7519173897450708 119784.2110032908
6.75 0.7247787174229882 139513.6287703472
7 0.6981535983804883 161505.8280567308
7.25 0.6721628608856305 185848.8955501986
7.5 0.6468941130709439 212611.9466112238
7.75 0.6224087735696255 241843.8014573921
8 0.5987479351003335 273571.4129863761
8.25 0.5759366012277075 307799.5019622151
8.5 0.5539872707958249 344510.1005945419
8.75 0.5329025177660244 383662.8530578724
9 0.5126772957313344 425195.7504563531
9.25 0.4933006681721075 469026.2021223392
9.5 0.4747571482415066 515052.5464819106
9.75 0.4570278105462837 563155.8308592053
10 0.4400911508446265 613201.6415146642
10.25 0.4239239180570888 665042.6148438714
10.5 0.4085015154031735 718520.3510944727
10.75 0.3937985423890809 773467.7961263523
11 0.379789148717715 829711.6075027947
11.25 0.3664472855925691 887074.1136298386
11.5 0.3537469865387696 945375.7374805071
11.75 0.3416625684769584 1004437.054711255
12 0.330168683017299 1064080.057775741
12.25 0.3192404895270349 1124130.097429528
12.5 0.308853731800637 1184417.297794381
12.75 0.2989847972431642 1244777.806529384
13 0.2896107576459178 1305054.707847867
13.25 0.2807093977044064 1365098.808471422
13.5 0.2722592693909074 1424769.757949219
13.75 0.2642396561900652 1483935.975125051
14 0.2566305932913187 1542475.318108808
14.25 0.2494128746903566 1600275.267521744
14.5 0.242568029020394 1657232.779857347
14.75 0.2360783302899737 1713254.708990657
15 0.2299267580475963 1768257.151485258
15.25 0.2240970064811852 1822165.86102995
15.5 0.2185734436904775 1874915.393264585
15.75 0.2133411105278291 1926449.34925185
16 0.2083856874566082 1976719.559972737
16.25 0.2036934825978485 2025686.052873313
16.5 0.1992514050990506 2073316.309929999
16.75 0.1950469498734774 2119585.200633624
17 0.1910681756994226 2164474.488540295
17.25 0.1873036770000172 2207971.909808599
17.5 0.1837425701922672 2250071.239444852
17.75 0.1803744728806535 2290771.701099072
18 0.1771894858524883 2330077.402423553
18.25 0.1741781692578185 2367997.020218394
18.5 0.1713315285354212 2404543.35956376
18.75 0.1686409979170334 2439732.939390555
19 0.1660984155794096 2473585.507282599
19.25 0.1636960142929363 2506123.823977965
19.5 0.1614264026783712 2537373.236582639
19.75 0.1592825440678801 2567361.189759771
20 0.1572577510358338 2596117.185072561
20.25 0.1553456642720184 2623672.280130084
20.5 0.1535402362526718 2650058.739418146
20.75 0.1518357301474712 2675310.195674663
21 0.1502266912683355 2699460.868008583
21.25 0.1487079334284359 2722545.296153213
21.5 0.1472745340926331 2744598.410461946
21.75 0.1459218405280567 2765656.026519667
22 0.1446454268447522 2785753.466628026
22.25 0.1434410899784307 2804925.666600666
22.5 0.1423048516956959 2823207.558105837
22.75 0.1412329507710319 2840634.047493009
23 0.1402218129696016 2857239.077518113
23.25 0.1392680479875701 2873055.802377961
23.5 0.1383684572211682 2888117.190440211
23.75 0.1375200128225174 2902455.470762414
24 0.1367198414617835 2916101.76912287