Time biomass_e_ecsk1sm n_ecsk1sm
0 0.489 1000
0.25 0.5982460256699745 1119.108871246452
0.5 0.6751180376726887 1278.019998508649
0.75 0.7292106279060545 1480.249966929903
1 0.7672743051651059 1731.575660915587
1.25 0.7940589215500055 2039.748074827846
1.5 0.8129071256624948 2414.604711152913
1.75 0.8261693401408696 2868.173116794727
2 0.8355013984285028 3415.165280730941
2.25 0.8420681502305063 4073.420240162623
2.5 0.8466889860894763 4864.285197392882
2.75 0.8499405337919945 5813.492212354783
3 0.8522285161310625 6951.954936908815
3.25 0.853838496919705 8316.660595318526
3.5 0.8549713513470866 9952.019564801984
3.75 0.855768569670222 11910.95811077666
4 0.8545359007162814 14256.04651030965
4.25 0.8431180161238175 17039.56674759608
4.5 0.8235861122985815 20296.34004590349
4.75 0.7986629912230967 24057.35521347318
5 0.7703254904931526 28348.7187972811
5.25 0.7400200832939068 33191.06709104303
5.5 0.70880340953351 38598.78730270695
5.75 0.6774425226318959 44579.64798464946
6 0.6464892538849468 51135.0340274822
6.25 0.6163354265334748 58260.10487604969
6.5 0.5872507154324461 65944.29154516298
6.75 0.5594132506857714 74172.18937315418
7 0.532933173230395 82923.90974609145
7.25 0.5078680551781388 92176.33426807588
7.5 0.4842379686997217 101903.5491371603
7.75 0.4620345475453396 112077.9012637792
8 0.4412285910362037 122670.6423280543
8.25 0.4217756564776607 133652.4785939247
8.5 0.4036213542316709 144994.1564114065
8.75 0.3867048651132201 156667.0435097348
9 0.3709610701880384 168643.4895878237
9.25 0.3563229682429817 180897.0656266012
9.5 0.3427229382665599 193402.6952851409
9.75 0.3300941917216827 206136.9697425789
10 0.3183714374141945 219078.1905665222
10.25 0.3074916225537192 232206.2917742413
10.5 0.2973943213168426 245502.8906905293
10.75 0.2880219972234926 258951.2783100193
11 0.2793202556319584 272536.2766411475
11.25 0.2712378762585879 286244.2012633159
11.5 0.2637268706421773 300062.7146105304
11.75 0.2567424404710898 313980.7405604407
12 0.2502428546222384 327988.3976942829
12.25 0.2441894264308875 342076.7858938299
12.5 0.2385463274975212 356237.8680325028
12.75 0.2332806231405895 370464.5131689531
13 0.2283618010974099 384750.2393307844
13.25 0.223761895517692 399089.2722838426
13.5 0.2194551314271456 413476.276085331
13.75 0.215418001788516 427906.4237568065
14 0.211628853829102 442375.224044122
14.25 0.2080674976549307 456878.4770607118
14.5 0.2047172878810546 471412.5642004574
14.75 0.201560322712848 485973.635788882
15 0.198582078256691 500558.3430485748
15.25 0.1957686468095757 515163.3786254348
15.5 0.1931074387351516 529785.5678823439
15.75 0.1905870798595176 544421.8191515099
16 0.1881970254740885 559069.1124959805
16.25 0.1859277582455351 573724.5208067959
16.5 0.1837706674661014 588385.184430495
16.75 0.1817175614755176 603048.2518373814
17 0.179761323246638 617710.8899051799
17.25 0.1778952583794498 632370.3060222846
17.5 0.1761132314332755 647023.7413118589
17.75 0.174409762551372 661668.4464076506
18 0.1727796284717812 676301.682828833
18.25 0.1712182319870405 690920.7416447354
18.5 0.1697212385314696 705522.9328925303
18.75 0.1682846704018521 720105.5883187362
19 0.1669049439630489 734666.0588415517
19.25 0.165578645673167 749201.7094961111
19.5 0.1643027360299397 763709.9398378553
19.75 0.1630743498664635 778188.1757735211
20 0.1618908355231381 792633.8717071433
20.25 0.1607497898056283 807044.5238584788
20.5 0.1596489153531876 821417.6523830256
20.75 0.1585861376644241 835750.8289530855
21 0.1575595153886468 850041.6519500352
21.25 0.1565672247393726 864287.7509946878
21.5 0.155607600811812 878486.8313181514
21.75 0.1546790529298964 892636.6229117587
22 0.1537801260618035 906734.9035996295
22.25 0.1529094588094785 920779.5080687095
22.5 0.1520657536903662 934768.3075865122
22.75 0.1512478249042735 948699.2443020485
23 0.1504545390229628 962570.3017514775
23.25 0.1496848357228369 976379.5181194237
23.5 0.1489377322715421 990124.9932724828
23.75 0.1482122824071326 1003804.866712436
24 0.1475076076884434 1017417.356416113