Time biomass_e_ecsk1sm n_ecsk1sm
0 0.489 1000
0.25 0.6170622408528628 1121.469035500662
0.5 0.7114889517637414 1288.459201060432
0.75 0.7811157034763484 1506.845492514341
1 0.8324518824464588 1785.340364136478
1.25 0.8703052684035003 2135.619290604084
1.5 0.898217128536027 2572.704013086386
1.75 0.9187983047025876 3115.395413366927
2 0.9339741193350808 3786.970970058858
2.25 0.94516422479019 4616.326921985497
2.5 0.95341540015695 5638.942210928783
2.75 0.9594995243088404 6898.548048621048
3 0.9639857498265296 8448.78358382944
3.25 0.9672937495672682 10355.73633849066
3.5 0.9697329489789133 12700.29816362793
3.75 0.9715315275638436 15582.02068221736
4 0.9724964108520454 19122.6029298222
4.25 0.9667679114647652 23456.28177777431
4.5 0.9540190108988513 28710.97183116838
4.75 0.9361765595055975 35022.27668029736
5 0.9146945719835343 42533.86760421503
5.25 0.8906790706604999 51395.40425421261
5.5 0.8649751240049262 61760.06571755981
5.75 0.8382262640895974 73781.91152671873
6 0.8109259426329309 87612.62310337927
6.25 0.7834516736380356 103398.7036769303
6.5 0.7560909362255364 121278.2744129432
6.75 0.7290615152776336 141378.2782848759
7 0.7025272272548967 163811.206851508
7.25 0.6766096429091842 188672.8613970392
7.5 0.6513967824670537 216040.0352222514
7.75 0.626951049803269 245968.4892520385
8 0.6033144154625157 278491.7655777239
8.25 0.5805128429765399 313620.2569226213
8.5 0.5585599870267197 351340.7656935788
8.75 0.5374590521758147 391616.6190302625
9 0.5172061195676374 434388.3256876297
9.25 0.4977911683943473 479574.5882722447
9.5 0.4791995399144586 527073.53247965
9.75 0.4614132668836725 576764.8095277
10 0.4444117383929406 628511.4476942568
10.25 0.4281723476901982 682161.5594925701
10.5 0.412671397085163 737551.8203571967
10.75 0.3978841742459671 794508.8857035353
11 0.3837855087582062 852852.0646735372
11.25 0.3703500216753313 912395.7750024328
11.5 0.3575523545569787 972951.7196284271
11.75 0.3453673355798182 1034330.749644983
12 0.3337701409700441 1096345.026152294
12.25 0.3227364992577641 1158810.444490402
12.5 0.312242576581207 1221546.818557933
12.75 0.3022651864774599 1284380.165866941
13 0.2927818001282895 1347143.586791957
13.25 0.2837705753319692 1409678.191770614
13.5 0.2752103889840687 1471834.002832983
13.75 0.267080834231996 1533470.369639837
14 0.2593622347995534 1594456.403296149
14.25 0.2520356489333019 1654671.388560642
14.5 0.2450828487160851 1714004.650924487
14.75 0.2384863221391123 1772355.840890279
15 0.2322292528271297 1829634.556145081
15.25 0.2262955122864692 1885760.442564454
15.5 0.2206696343215628 1940662.722332479
15.75 0.2153368035018821 1994280.060186289
16 0.2102828322744788 2046560.058262511
16.25 0.2054941437017275 2097458.942849717
16.5 0.2009577505422915 2146941.085345067
16.75 0.1966612340677356 2194978.51686593
17 0.192592726054061 2241550.605754074
17.25 0.1887408894051963 2286643.647544518
17.5 0.1850948946430704 2330250.017788812
17.75 0.181644402022979 2372367.962743779
18 0.1783795424232334 2413001.18487037
18.25 0.1752909036804575 2452158.240834568
18.5 0.1723695074383474 2489852.126541592
18.75 0.1696067899601383 2526099.832104673
19 0.1669945939976306 2560922.056271792
19.25 0.1645251449042562 2594342.646172842
19.5 0.1621910325573664 2626388.157022944
19.75 0.1599852071467166 2657087.787433158
20 0.1579009554754257 2686472.76723415
20.25 0.1559318844621691 2714575.96115547
20.5 0.1540719172852385 2741431.917674656
20.75 0.1523152735721665 2767076.338915072
21 0.1506564522300683 2791545.651853439
21.25 0.1490902318111946 2814877.270997692
21.5 0.1476116483736939 2837108.9563306
21.75 0.1462159826040957 2858278.545545442
22 0.1448987509661224 2878423.852428915
22.25 0.143655702555305 2897582.830398476
22.5 0.1424828039305578 2915793.179080033
22.75 0.1413762315899774 2933092.295694462
23 0.140332362389077 2949517.172523415
23.25 0.1393477465100596 2965103.73041452
23.5 0.1384191186173224 2979887.383042742
23.75 0.1375433867612225 2993902.894457198
24 0.1367176220069801 3007184.228080398