Time biomass_e_ecsk1sm n_ecsk1sm
0 0.489 1000
0.25 0.6238804552528564 1122.288658352738
0.5 0.7249874341680942 1292.291069507963
0.75 0.8007795693529265 1516.748894319445
1 0.8575948096028082 1805.823356654015
1.25 0.900185144115881 2173.060201158383
1.5 0.9321121322868856 2635.958897587113
1.75 0.9560448730067164 3216.621752806123
2 0.9739856730459547 3942.817980597352
2.25 0.987434264417034 4849.12939613667
2.5 0.9975150610291688 5978.703453961597
2.75 1.005071767774376 7385.167220406694
3 1.010736442538238 9135.150097986165
3.25 1.014982742513475 11311.37728158859
3.5 1.018165900455292 14016.38698241411
3.75 1.020552099348659 17377.45030188841
4 1.02234084045134 21552.37038637725
4.25 1.021925386342351 26734.23682919248
4.5 1.015174069040671 33132.1482849755
4.75 1.003419609003946 40972.3610520361
5 0.9879562945247795 50509.66673839265
5.25 0.9697747903660278 62028.04536076928
5.5 0.9496378322257942 75840.33898409002
5.75 0.9281344583973531 92286.84427868796
6 0.9057208887267058 111733.2389129854
6.25 0.8827509991027401 134567.6259962141
6.5 0.8594996333333792 161196.2006066082
6.75 0.836179872820738 192037.8389750324
7 0.8129565724038689 227517.69897033
7.25 0.7899574733662063 268059.3937722787
7.5 0.7672808639332772 314076.7897023527
7.75 0.7450014598418115 365964.8794703272
8 0.7231752452401078 424089.1761859889
8.25 0.7018438545201742 488776.6266673109
8.5 0.6810369270593304 560304.1861613203
8.75 0.6607749494320242 638889.6084154062
9 0.6410710966368578 724683.2529562382
9.25 0.6219326209685785 817759.6802149949
9.5 0.6033620206568442 918112.2012730228
9.75 0.5853580813192593 1025648.126399941
10 0.5679166202576128 1140187.09766875
10.25 0.5510311078715888 1261461.531840282
10.5 0.5346931832008301 1389119.198427065
10.75 0.5188930587817391 1522728.298176657
11 0.5036198263736087 1661784.300960028
11.25 0.4888617686548706 1805718.664935826
11.5 0.4746065759814259 1953910.187769473
11.75 0.4608415120962929 2105696.133033876
12 0.44755356838128 2260384.679584002
12.25 0.4347295626358336 2417265.141526375
12.5 0.4223562792544153 2575623.543053164
12.75 0.4104205015441811 2734750.426762328
13 0.3989091524128889 2893957.804846996
13.25 0.3878092382998653 3052579.654006111
13.5 0.3771079628954014 3209985.312328564
13.75 0.3667927417740203 3365584.252109106
14 0.3568512309271869 3518831.258742493
14.25 0.3472713476984221 3669230.560220164
14.5 0.3380412808322337 3816336.432596531
14.75 0.32914950536881 3959754.806757213
15 0.3205847905742904 4099143.165380833
15.25 0.3123362132475368 4234212.08046417
15.5 0.3043931450354107 4364718.370980735
15.75 0.2967452465366846 4490461.815847475
16 0.2893824841592331 4611286.354230749
16.25 0.2822951379201711 4727078.897625452
16.5 0.2754737673291088 4837758.119922534
16.75 0.2689092335985006 4943279.113460759
17 0.262592680563718 5043624.941138864
17.25 0.2565155318045882 5138804.50121816
17.5 0.2506694876257509 5228850.608094499
17.75 0.245046513990591 5313814.842392615
18 0.2396388415237597 5393766.826103946
18.25 0.2344389556312026 5468790.437071743
18.5 0.2294395900669677 5538981.735962478
18.75 0.2246337208020349 5604447.343053957
19 0.2200145577854872 5665301.960764725
19.25 0.2155755400278135 5721667.09107605
19.5 0.2113103265991053 5773669.412835616
19.75 0.2072127893159778 5821439.532612363
20 0.2032770094797854 5865110.812298343
20.25 0.1994972691063507 5904818.582674989
20.5 0.195868043370744 5940699.50636639
20.75 0.1923839959556484 5972890.24889121
21 0.1890399724352588 6001527.123872651
21.25 0.1858309932382153 6026746.174020745
21.5 0.1827522485719744 6048682.087021427
21.75 0.1797990928636992 6067467.662481706
22 0.1769670382693381 6083234.396279355
22.25 0.174251749694672 6096111.746513497
22.5 0.1716490399036606 6106226.444749868
22.75 0.1691548637935746 6113703.247905448
23 0.1667653136331093 6118664.492004601
23.25 0.1644766143328446 6121229.458822664
23.5 0.1622851187282969 6121514.99298132
23.75 0.1601873031397144 6119635.297570032
24 0.158179763192376 6115701.482003833