Time biomass_e_ecsk1sm n_ecsk1sm
0 0.489 1000
0.25 0.6093118810652702 1120.502528942141
0.5 0.6963548594631392 1284.13184579361
0.75 0.7593299074745614 1495.710678718646
1 0.8048883174460933 1762.615342290147
1.25 0.8378485033476949 2094.70249204233
1.5 0.8616945806665353 2504.622696986623
1.75 0.878946834309721 3007.95856519953
2 0.8914283315666434 3623.959549137459
2.25 0.9004580806282712 4376.23937320082
2.5 0.9069909337435036 5293.388062086529
2.75 0.9117173239204225 6410.38774546713
3 0.9151368860980484 7769.592888245421
3.25 0.9176108424904088 9422.719284775232
3.5 0.9194006905910941 11432.45084053256
3.75 0.9206955987192594 13874.74158080529
4 0.9200464982610262 16840.94843006891
4.25 0.9104119811826639 20418.17384191913
4.5 0.8934014314472162 24681.26916600218
4.75 0.8712287257363851 29705.09447415187
5 0.8455440106857759 35563.16962680101
5.25 0.817586259419781 42325.37160207089
5.5 0.7882848927505497 50056.16969949625
5.75 0.7583380433337275 58813.05543121562
6 0.7282701473074706 68644.82008176971
6.25 0.6984705608608935 79590.5354776918
6.5 0.669226892353614 91678.58258288828
6.75 0.6407480208938818 104926.1537691585
7 0.6131821069882258 119339.1249313403
7.25 0.5866305504759984 134911.9692011919
7.5 0.5611583484105054 151628.4253325078
7.75 0.5368028745680303 169461.9571813694
8 0.5135800778998929 188376.6358592914
8.25 0.4914894897440331 208328.2231434018
8.5 0.4705182306387433 229265.0903183083
8.75 0.4506442167396606 251129.5719468122
9 0.4318382838249859 273859.2247031982
9.25 0.4140663692355725 297387.7231995625
9.5 0.3972909000827805 321646.1518590197
9.75 0.3814720277988123 346564.1619930432
10 0.3665684322480482 372070.8574174045
10.25 0.3525384172983856 398095.5117460777
10.5 0.339340092313191 424568.8987370633
10.75 0.326931712363547 451422.5697083762
11 0.3152724549589078 478591.3008718968
11.25 0.3043224346313919 506012.4100080889
11.5 0.2940428876264165 533626.2582654206
11.75 0.2843962913515455 561376.5146901935
12 0.2753464871303928 589210.3378700736
12.25 0.2668588360496552 617078.7058080783
12.5 0.2589002737944339 644936.6144434582
12.75 0.2514391134001802 672742.5426667468
13 0.2444452528729186 700458.9507251651
13.25 0.2378899193257299 728051.5726076018
13.5 0.2317458729259092 755489.7403025811
13.75 0.2259873328823289 782746.1882119729
14 0.2205898701430699 809796.761422389
14.25 0.2155304343998711 836620.4485363603
14.5 0.2107872337943123 863198.8505944677
14.75 0.2063397945941734 889516.4725910169
15 0.2021688443039625 915560.2690692024
15.25 0.1982562016132837 941319.2313342434
15.5 0.1945847716270474 966784.3594416541
15.75 0.1911385450937815 991948.6127090616
16 0.1879025460723908 1016806.703214953
16.25 0.1848627276801664 1041354.730941538
16.5 0.1820059459311379 1065590.207127398
16.75 0.1793199088285642 1089511.804643886
17 0.1767931272202875 1113119.185655308
17.25 0.1744148732909167 1136413.03414505
17.5 0.1721751250086562 1159394.761856222
17.75 0.1700645321087621 1182066.423167747
18 0.1680744045142574 1204430.700277022
18.25 0.1661966325664156 1226490.651486913
18.5 0.1644236653366946 1248249.738179155
18.75 0.1627484787721321 1269711.812878834
19 0.1611645266033561 1290880.900334811
19.25 0.1596657312974012 1311761.250869074
19.5 0.1582464356131426 1332357.216399787
19.75 0.1569013778479106 1352673.220526241
20 0.1556256792625283 1372713.778418511
20.25 0.1544147952692897 1392483.363458225
20.5 0.1532645111172749 1411986.471117933
20.75 0.1521709085024775 1431227.549842912
21 0.1511303421732135 1450210.970342732
21.25 0.1501394348047265 1468941.06517987
21.5 0.1491950279384721 1487422.041610821
21.75 0.1482942353359041 1505658.052614252
22 0.1474343187698061 1523653.090907983
22.25 0.1466127640662585 1541411.051235836
22.5 0.1458272335882578 1558935.732177885
22.75 0.1450755498331398 1576230.817481277
23 0.1443556882972498 1593299.868341024
23.25 0.1436657679583029 1610146.32681226
23.5 0.1430040361295068 1626773.526780563
23.75 0.1423688701067889 1643184.67669248
24 0.141758761752026 1659382.880549777